<?xml version="1.0" encoding="UTF-8"?>
<testng-results ignored="0" total="1" passed="1" failed="0" skipped="0">
  <reporter-output>
  </reporter-output>
  <suite started-at="2021-04-05T13:10:19 IST" name="Default suite" finished-at="2021-04-05T13:11:05 IST" duration-ms="45911">
    <groups>
    </groups>
    <test started-at="2021-04-05T13:10:19 IST" name="Default test" finished-at="2021-04-05T13:11:05 IST" duration-ms="45911">
      <class name="com.way2_radiobutton.Way2_radiobutton_example">
        <test-method signature="way2_radiobutton()[pri:0, instance:com.way2_radiobutton.Way2_radiobutton_example@3cc2931c]" started-at="2021-04-05T13:10:19 IST" name="way2_radiobutton" finished-at="2021-04-05T13:11:05 IST" duration-ms="45558" status="PASS">
          <reporter-output>
          </reporter-output>
        </test-method> <!-- way2_radiobutton -->
      </class> <!-- com.way2_radiobutton.Way2_radiobutton_example -->
    </test> <!-- Default test -->
  </suite> <!-- Default suite -->
</testng-results>
